0 info it worked if it ends with ok
1 verbose cli [ '/usr/bin/node',
1 verbose cli   '/usr/bin/npm',
1 verbose cli   'install',
1 verbose cli   '-g',
1 verbose cli   'gulp-awspublish' ]
2 info using npm@1.4.28
3 info using node@v0.10.33
4 verbose node symlink /usr/bin/node
5 verbose cache add [ 'gulp-awspublish', null ]
6 verbose cache add name=undefined spec="gulp-awspublish" args=["gulp-awspublish",null]
7 verbose parsed url { protocol: null,
7 verbose parsed url   slashes: null,
7 verbose parsed url   auth: null,
7 verbose parsed url   host: null,
7 verbose parsed url   port: null,
7 verbose parsed url   hostname: null,
7 verbose parsed url   hash: null,
7 verbose parsed url   search: null,
7 verbose parsed url   query: null,
7 verbose parsed url   pathname: 'gulp-awspublish',
7 verbose parsed url   path: 'gulp-awspublish',
7 verbose parsed url   href: 'gulp-awspublish' }
8 silly lockFile ba53870c-gulp-awspublish gulp-awspublish
9 verbose lock gulp-awspublish /home/ecepeda/.npm/ba53870c-gulp-awspublish.lock
10 silly lockFile ba53870c-gulp-awspublish gulp-awspublish
11 silly lockFile ba53870c-gulp-awspublish gulp-awspublish
12 verbose addNamed [ 'gulp-awspublish', '' ]
13 verbose addNamed [ null, '*' ]
14 silly lockFile a00c1558-gulp-awspublish gulp-awspublish@
15 verbose lock gulp-awspublish@ /home/ecepeda/.npm/a00c1558-gulp-awspublish.lock
16 silly addNameRange { name: 'gulp-awspublish', range: '*', hasData: false }
17 verbose request where is /gulp-awspublish
18 verbose request registry https://registry.npmjs.org/
19 verbose request id 1d8cc3b36d7dbd6d
20 verbose url raw /gulp-awspublish
21 verbose url resolving [ 'https://registry.npmjs.org/', './gulp-awspublish' ]
22 verbose url resolved https://registry.npmjs.org/gulp-awspublish
23 verbose request where is https://registry.npmjs.org/gulp-awspublish
24 info trying registry request attempt 1 at 15:55:35
25 verbose etag "BCF2M5PMZKRZJ3W40NWQ866Y2"
26 http GET https://registry.npmjs.org/gulp-awspublish
27 http 304 https://registry.npmjs.org/gulp-awspublish
28 silly registry.get cb [ 304,
28 silly registry.get   { date: 'Sat, 27 Jun 2015 19:55:35 GMT',
28 silly registry.get     via: '1.1 varnish',
28 silly registry.get     'cache-control': 'max-age=60',
28 silly registry.get     etag: '"BCF2M5PMZKRZJ3W40NWQ866Y2"',
28 silly registry.get     age: '0',
28 silly registry.get     connection: 'keep-alive',
28 silly registry.get     'x-served-by': 'cache-iad2147-IAD',
28 silly registry.get     'x-cache': 'MISS',
28 silly registry.get     'x-cache-hits': '0',
28 silly registry.get     'x-timer': 'S1435434935.746770,VS0,VE14',
28 silly registry.get     vary: 'Accept' } ]
29 verbose etag https://registry.npmjs.org/gulp-awspublish from cache
30 silly addNameRange number 2 { name: 'gulp-awspublish', range: '*', hasData: true }
31 silly addNameRange versions [ 'gulp-awspublish',
31 silly addNameRange   [ '0.0.0',
31 silly addNameRange     '0.0.1',
31 silly addNameRange     '0.0.2',
31 silly addNameRange     '0.0.3',
31 silly addNameRange     '0.0.4',
31 silly addNameRange     '0.0.5',
31 silly addNameRange     '0.0.6',
31 silly addNameRange     '0.0.7',
31 silly addNameRange     '0.0.8',
31 silly addNameRange     '0.0.9',
31 silly addNameRange     '0.0.10',
31 silly addNameRange     '0.0.11',
31 silly addNameRange     '0.0.12',
31 silly addNameRange     '0.0.13',
31 silly addNameRange     '0.0.14',
31 silly addNameRange     '0.0.15',
31 silly addNameRange     '0.0.16',
31 silly addNameRange     '0.0.17',
31 silly addNameRange     '0.0.18',
31 silly addNameRange     '0.0.19',
31 silly addNameRange     '0.0.20',
31 silly addNameRange     '0.0.21',
31 silly addNameRange     '0.0.22',
31 silly addNameRange     '0.0.23',
31 silly addNameRange     '0.0.24',
31 silly addNameRange     '1.0.0',
31 silly addNameRange     '1.0.1',
31 silly addNameRange     '1.0.2',
31 silly addNameRange     '1.0.3',
31 silly addNameRange     '1.0.4',
31 silly addNameRange     '1.0.5',
31 silly addNameRange     '1.0.6',
31 silly addNameRange     '2.0.0',
31 silly addNameRange     '2.0.1',
31 silly addNameRange     '1.0.9',
31 silly addNameRange     '2.0.2' ] ]
32 verbose addNamed [ 'gulp-awspublish', '2.0.2' ]
33 verbose addNamed [ '2.0.2', '2.0.2' ]
34 silly lockFile 672657c9-gulp-awspublish-2-0-2 gulp-awspublish@2.0.2
35 verbose lock gulp-awspublish@2.0.2 /home/ecepeda/.npm/672657c9-gulp-awspublish-2-0-2.lock
36 silly lockFile 672657c9-gulp-awspublish-2-0-2 gulp-awspublish@2.0.2
37 silly lockFile 672657c9-gulp-awspublish-2-0-2 gulp-awspublish@2.0.2
38 silly lockFile a00c1558-gulp-awspublish gulp-awspublish@
39 silly lockFile a00c1558-gulp-awspublish gulp-awspublish@
40 silly resolved [ { name: 'gulp-awspublish',
40 silly resolved     version: '2.0.2',
40 silly resolved     description: 'gulp plugin to publish files to amazon s3',
40 silly resolved     keywords: [ 'gulpplugin', 'aws', 's3', 'publish' ],
40 silly resolved     homepage: 'https://github.com/pgherveou/gulp-awspublish',
40 silly resolved     bugs: { url: 'https://github.com/pgherveou/gulp-awspublish/issues' },
40 silly resolved     author:
40 silly resolved      { name: 'PG Herveou',
40 silly resolved        email: 'pg@jogabo.com',
40 silly resolved        url: 'https://github.com/pgherveou' },
40 silly resolved     main: './lib/index.js',
40 silly resolved     repository:
40 silly resolved      { type: 'git',
40 silly resolved        url: 'git://github.com/pgherveou/gulp-awspublish.git' },
40 silly resolved     scripts:
40 silly resolved      { test: 'istanbul test _mocha --report html -- test/*.js --reporter spec',
40 silly resolved        coveralls: 'istanbul cover ./node_modules/mocha/bin/_mocha --report lcovonly -- -R spec && cat ./coverage/lcov.info | ./node_modules/coveralls/bin/coveralls.js && rm -rf ./coverage' },
40 silly resolved     dependencies:
40 silly resolved      { 'aws-sdk': '^2.1.16',
40 silly resolved        clone: '0.x',
40 silly resolved        'gulp-util': '2.x',
40 silly resolved        mime: '1.x',
40 silly resolved        'pad-component': '0.x',
40 silly resolved        'pascal-case': '^1.1.0',
40 silly resolved        through2: '0.x',
40 silly resolved        vinyl: '^0.4.6',
40 silly resolved        'xml-json': '^2.0.2' },
40 silly resolved     devDependencies:
40 silly resolved      { chai: '*',
40 silly resolved        'concurrent-transform': '^1.0.0',
40 silly resolved        coveralls: '*',
40 silly resolved        'event-stream': '^3.2.1',
40 silly resolved        'gulp-rename': '*',
40 silly resolved        istanbul: '*',
40 silly resolved        mocha: '*',
40 silly resolved        'mocha-lcov-reporter': '*' },
40 silly resolved     engines: { node: '>=0.8.0', npm: '>=1.2.10' },
40 silly resolved     licenses: [ [Object] ],
40 silly resolved     gitHead: '73174eb84ae31e44cc92d5bd17e9219bddf9b0ff',
40 silly resolved     _id: 'gulp-awspublish@2.0.2',
40 silly resolved     _shasum: 'c81d9ca54bd3e7a300d0aa3bb2e58e433e52b2ad',
40 silly resolved     _from: 'gulp-awspublish@',
40 silly resolved     _npmVersion: '2.9.1',
40 silly resolved     _nodeVersion: '0.10.33',
40 silly resolved     _npmUser: { name: 'alexgorbatchev', email: 'alex.gorbatchev@gmail.com' },
40 silly resolved     dist:
40 silly resolved      { shasum: 'c81d9ca54bd3e7a300d0aa3bb2e58e433e52b2ad',
40 silly resolved        tarball: 'http://registry.npmjs.org/gulp-awspublish/-/gulp-awspublish-2.0.2.tgz' },
40 silly resolved     maintainers: [ [Object], [Object] ],
40 silly resolved     directories: {},
40 silly resolved     _resolved: 'https://registry.npmjs.org/gulp-awspublish/-/gulp-awspublish-2.0.2.tgz',
40 silly resolved     readme: 'ERROR: No README data found!' } ]
41 info install gulp-awspublish@2.0.2 into /usr/lib
42 info installOne gulp-awspublish@2.0.2
43 verbose lib/node_modules/gulp-awspublish unbuild
44 verbose tar unpack /home/ecepeda/.npm/gulp-awspublish/2.0.2/package.tgz
45 silly lockFile b072863d-lib-node-modules-gulp-awspublish tar:///usr/lib/node_modules/gulp-awspublish
46 verbose lock tar:///usr/lib/node_modules/gulp-awspublish /home/ecepeda/.npm/b072863d-lib-node-modules-gulp-awspublish.lock
47 silly lockFile 57d6a57f-ulp-awspublish-2-0-2-package-tgz tar:///home/ecepeda/.npm/gulp-awspublish/2.0.2/package.tgz
48 verbose lock tar:///home/ecepeda/.npm/gulp-awspublish/2.0.2/package.tgz /home/ecepeda/.npm/57d6a57f-ulp-awspublish-2-0-2-package-tgz.lock
49 silly gunzTarPerm modes [ '775', '664' ]
50 error Error: EACCES, mkdir '/usr/lib/node_modules/gulp-awspublish'
50 error  { [Error: EACCES, mkdir '/usr/lib/node_modules/gulp-awspublish']
50 error   errno: 3,
50 error   code: 'EACCES',
50 error   path: '/usr/lib/node_modules/gulp-awspublish',
50 error   fstream_type: 'Directory',
50 error   fstream_path: '/usr/lib/node_modules/gulp-awspublish',
50 error   fstream_class: 'DirWriter',
50 error   fstream_stack:
50 error    [ '/usr/lib/node_modules/npm/node_modules/fstream/lib/dir-writer.js:36:23',
50 error      '/usr/lib/node_modules/npm/node_modules/mkdirp/index.js:46:53',
50 error      'Object.oncomplete (fs.js:107:15)' ] }
51 error Please try running this command again as root/Administrator.
52 error System Linux 3.13.0-24-generic
53 error command "/usr/bin/node" "/usr/bin/npm" "install" "-g" "gulp-awspublish"
54 error cwd /home/ecepeda/picorb/webix
55 error node -v v0.10.33
56 error npm -v 1.4.28
57 error path /usr/lib/node_modules/gulp-awspublish
58 error fstream_path /usr/lib/node_modules/gulp-awspublish
59 error fstream_type Directory
60 error fstream_class DirWriter
61 error code EACCES
62 error errno 3
63 error stack Error: EACCES, mkdir '/usr/lib/node_modules/gulp-awspublish'
64 error fstream_stack /usr/lib/node_modules/npm/node_modules/fstream/lib/dir-writer.js:36:23
64 error fstream_stack /usr/lib/node_modules/npm/node_modules/mkdirp/index.js:46:53
64 error fstream_stack Object.oncomplete (fs.js:107:15)
65 verbose exit [ 3, true ]
